# JRE version: Java(TM) SE Runtime Environment 18.9 (11.0.9+7) (build 11.0.9+7-LTS)
# Java VM: Java HotSpot(TM) 64-Bit Server VM 18.9 (11.0.9+7-LTS, mixed mode, tiered, compressed oops, g1 gc, windows-amd64)
Heap:
 garbage-first heap   total 207872K, used 145790K [0x0000000081c00000, 0x0000000100000000)
  region size 1024K, 131 young (134144K), 16 survivors (16384K)
 Metaspace       used 57594K, capacity 59103K, committed 59164K, reserved 1099776K
  class space    used 7416K, capacity 8027K, committed 8044K, reserved 1048576K
GC Heap History (10 events):
Event: 1.113 GC heap after
{Heap after GC invocations=5 (full 0):
 garbage-first heap   total 157696K, used 8868K [0x0000000081c00000, 0x0000000100000000)
  region size 1024K, 4 young (4096K), 4 survivors (4096K)
 Metaspace       used 20530K, capacity 21092K, committed 21296K, reserved 1069056K
  class space    used 2362K, capacity 2586K, committed 2688K, reserved 1048576K
}
Event: 1.925 GC heap before
{Heap before GC invocations=6 (full 0):
 garbage-first heap   total 157696K, used 76452K [0x0000000081c00000, 0x0000000100000000)
  region size 1024K, 70 young (71680K), 4 survivors (4096K)
 Metaspace       used 26755K, capacity 27705K, committed 27952K, reserved 1073152K
  class space    used 3311K, capacity 3673K, committed 3712K, reserved 1048576K
}
Event: 1.935 GC heap after
{Heap after GC invocations=7 (full 0):
 garbage-first heap   total 157696K, used 11957K [0x0000000081c00000, 0x0000000100000000)
  region size 1024K, 7 young (7168K), 7 survivors (7168K)
 Metaspace       used 26755K, capacity 27705K, committed 27952K, reserved 1073152K
  class space    used 3311K, capacity 3673K, committed 3712K, reserved 1048576K
}
Event: 2.729 GC heap before
{Heap before GC invocations=7 (full 0):
 garbage-first heap   total 157696K, used 93877K [0x0000000081c00000, 0x0000000100000000)
  region size 1024K, 89 young (91136K), 7 survivors (7168K)
 Metaspace       used 34742K, capacity 35828K, committed 35888K, reserved 1081344K
  class space    used 4277K, capacity 4699K, committed 4736K, reserved 1048576K
}
Event: 2.742 GC heap after
{Heap after GC invocations=8 (full 0):
 garbage-first heap   total 157696K, used 15993K [0x0000000081c00000, 0x0000000100000000)
  region size 1024K, 10 young (10240K), 10 survivors (10240K)
 Metaspace       used 34742K, capacity 35828K, committed 35888K, reserved 1081344K
  class space    used 4277K, capacity 4699K, committed 4736K, reserved 1048576K
}
Event: 3.380 GC heap before
{Heap before GC invocations=9 (full 0):
 garbage-first heap   total 157696K, used 99961K [0x0000000081c00000, 0x0000000100000000)
  region size 1024K, 92 young (94208K), 10 survivors (10240K)
 Metaspace       used 45982K, capacity 47238K, committed 47516K, reserved 1091584K
  class space    used 5823K, capacity 6316K, committed 6380K, reserved 1048576K
}
Event: 3.396 GC heap after
{Heap after GC invocations=10 (full 0):
 garbage-first heap   total 157696K, used 23284K [0x0000000081c00000, 0x0000000100000000)
  region size 1024K, 12 young (12288K), 12 survivors (12288K)
 Metaspace       used 45982K, capacity 47238K, committed 47516K, reserved 1091584K
  class space    used 5823K, capacity 6316K, committed 6380K, reserved 1048576K
}
Event: 1786.052 GC heap before
{Heap before GC invocations=10 (full 0):
 garbage-first heap   total 157696K, used 104180K [0x0000000081c00000, 0x0000000100000000)
  region size 1024K, 92 young (94208K), 12 survivors (12288K)
 Metaspace       used 57557K, capacity 59073K, committed 59164K, reserved 1099776K
  class space    used 7413K, capacity 8022K, committed 8044K, reserved 1048576K
}
Event: 1786.068 GC heap after
{Heap after GC invocations=11 (full 0):
 garbage-first heap   total 207872K, used 28030K [0x0000000081c00000, 0x0000000100000000)
  region size 1024K, 6 young (6144K), 6 survivors (6144K)
 Metaspace       used 57557K, capacity 59073K, committed 59164K, reserved 1099776K
  class space    used 7413K, capacity 8022K, committed 8044K, reserved 1048576K
}
Event: 11362.908 GC heap before
{Heap before GC invocations=11 (full 0):
 garbage-first heap   total 207872K, used 144766K [0x0000000081c00000, 0x0000000100000000)
  region size 1024K, 121 young (123904K), 6 survivors (6144K)
 Metaspace       used 57594K, capacity 59103K, committed 59164K, reserved 1099776K
  class space    used 7416K, capacity 8027K, committed 8044K, reserved 1048576K
}

